[0m03:04:04.329226 [debug] [MainThread]: Sending event: {'category': 'dbt', 'action': 'invocation', 'label': 'start', 'context': [<snowplow_tracker.self_describing_json.SelfDescribingJson object at 0x7ffa6ac8b6e0>, <snowplow_tracker.self_describing_json.SelfDescribingJson object at 0x7ffa6b0e3200>, <snowplow_tracker.self_describing_json.SelfDescribingJson object at 0x7ffa6a9697f0>]}


============================== 03:04:04.341959 | df003ee4-42a0-4f36-a752-b5d8f8de8df6 ==============================
[0m03:04:04.341959 [info ] [MainThread]: Running with dbt=1.9.0
[0m03:04:04.342983 [debug] [MainThread]: running dbt with arguments {'printer_width': '80', 'indirect_selection': 'eager', 'write_json': 'True', 'log_cache_events': 'False', 'partial_parse': 'True', 'cache_selected_only': 'False', 'warn_error': 'None', 'version_check': 'True', 'profiles_dir': '/root/.dbt', 'log_path': 'logs', 'debug': 'False', 'fail_fast': 'False', 'use_colors': 'True', 'use_experimental_parser': 'False', 'no_print': 'None', 'quiet': 'False', 'empty': 'None', 'log_format': 'default', 'introspect': 'True', 'invocation_command': 'dbt init my_project', 'warn_error_options': 'WarnErrorOptions(include=[], exclude=[])', 'target_path': 'None', 'static_parser': 'True', 'send_anonymous_usage_stats': 'True'}
[0m03:04:04.408092 [info ] [MainThread]: Creating dbt configuration folder at /root/.dbt
[0m03:04:04.410878 [debug] [MainThread]: Starter project path: /usr/local/lib/python3.12/site-packages/dbt/include/starter_project
[0m03:04:04.420652 [info ] [MainThread]: 
Your new dbt project "my_project" was created!

For more information on how to configure the profiles.yml file,
please consult the dbt documentation here:

  https://docs.getdbt.com/docs/configure-your-profile

One more thing:

Need help? Don't hesitate to reach out to us via GitHub issues or on Slack:

  https://community.getdbt.com/

Happy modeling!

[0m03:04:04.421417 [info ] [MainThread]: Setting up your profile.
[0m03:04:31.169579 [info ] [MainThread]: Profile my_project written to /root/.dbt/profiles.yml using target's profile_template.yml and your supplied values. Run 'dbt debug' to validate the connection.
[0m03:04:31.176432 [debug] [MainThread]: Resource report: {"command_name": "init", "command_success": true, "command_wall_clock_time": 26.907707, "process_in_blocks": "0", "process_kernel_time": 0.363069, "process_mem_max_rss": "92692", "process_out_blocks": "1544", "process_user_time": 2.995319}
[0m03:04:31.180317 [debug] [MainThread]: Command `dbt init` succeeded at 03:04:31.179073 after 26.91 seconds
[0m03:04:31.183063 [debug] [MainThread]: Sending event: {'category': 'dbt', 'action': 'invocation', 'label': 'end', 'context': [<snowplow_tracker.self_describing_json.SelfDescribingJson object at 0x7ffa6b0bcf80>, <snowplow_tracker.self_describing_json.SelfDescribingJson object at 0x7ffa6a6e2de0>, <snowplow_tracker.self_describing_json.SelfDescribingJson object at 0x7ffa6a7a7530>]}
[0m03:04:31.185842 [debug] [MainThread]: Flushing usage events
[0m03:04:32.206837 [debug] [MainThread]: An error was encountered while trying to flush usage events
